<component name="libraryTable">
  <library name="junit-4.11">
    <CLASSES>
      <root url="jar://$USER_HOME$/.gradle/wrapper/dists/gradle-1.7-bin/2g3i7gan25uopmtc0lnjb1l9ff/gradle-1.7/lib/plugins/junit-4.11.jar!/" />
    </CLASSES>
    <JAVADOC />
    <SOURCES />
  </library>
</component>